2016/05/23 12:15:13 INFO  - jmeter.util.JMeterUtils: Setting Locale to pl_PL 
2016/05/23 12:15:13 INFO  - jmeter.util.JMeterUtils: Could not find resources for 'pl_PL', using 'pl' 
2016/05/23 12:15:13 INFO  - jmeter.JMeter: Loading user properties from: C:\Users\Lukasz\Documents\GitHub\Testowanie_Java\jdbc+jmeter\apache-jmeter-3.0\bin\user.properties 
2016/05/23 12:15:13 INFO  - jmeter.JMeter: Loading system properties from: C:\Users\Lukasz\Documents\GitHub\Testowanie_Java\jdbc+jmeter\apache-jmeter-3.0\bin\system.properties 
2016/05/23 12:15:13 INFO  - jmeter.JMeter: Copyright (c) 1998-2016 The Apache Software Foundation 
2016/05/23 12:15:13 INFO  - jmeter.JMeter: Version 3.0 r1743807 
2016/05/23 12:15:13 INFO  - jmeter.JMeter: java.version=1.8.0_91 
2016/05/23 12:15:13 INFO  - jmeter.JMeter: java.vm.name=Java HotSpot(TM) 64-Bit Server VM 
2016/05/23 12:15:13 INFO  - jmeter.JMeter: os.name=Windows 10 
2016/05/23 12:15:13 INFO  - jmeter.JMeter: os.arch=amd64 
2016/05/23 12:15:13 INFO  - jmeter.JMeter: os.version=10.0 
2016/05/23 12:15:13 INFO  - jmeter.JMeter: file.encoding=Cp1250 
2016/05/23 12:15:13 INFO  - jmeter.JMeter: Max memory     =1890582528 
2016/05/23 12:15:13 INFO  - jmeter.JMeter: Available Processors =4 
2016/05/23 12:15:13 INFO  - jmeter.JMeter: Default Locale=polski (Polska) 
2016/05/23 12:15:13 INFO  - jmeter.JMeter: JMeter  Locale=polski (Polska) 
2016/05/23 12:15:13 INFO  - jmeter.JMeter: JMeterHome=C:\Users\Lukasz\Documents\GitHub\Testowanie_Java\jdbc+jmeter\apache-jmeter-3.0 
2016/05/23 12:15:13 INFO  - jmeter.JMeter: user.dir  =C:\Users\Lukasz\Documents\GitHub\Testowanie_Java\jdbc+jmeter\apache-jmeter-3.0\bin 
2016/05/23 12:15:13 INFO  - jmeter.JMeter: PWD       =C:\Users\Lukasz\Documents\GitHub\Testowanie_Java\jdbc+jmeter\apache-jmeter-3.0\bin 
2016/05/23 12:15:13 INFO  - jmeter.JMeter: IP: 10.10.4.198 Name: Lenovo-PC FullName: 10.10.4.198 
2016/05/23 12:15:13 INFO  - jmeter.gui.action.LookAndFeelCommand: Using look and feel: javax.swing.plaf.metal.MetalLookAndFeel [Metal, CrossPlatform] 
2016/05/23 12:15:13 INFO  - jmeter.JMeter: Loaded icon properties from org/apache/jmeter/images/icon.properties 
2016/05/23 12:15:14 INFO  - jmeter.engine.util.CompoundVariable: Note: Function class names must contain the string: '.functions.' 
2016/05/23 12:15:14 INFO  - jmeter.engine.util.CompoundVariable: Note: Function class names must not contain the string: '.gui.' 
2016/05/23 12:15:14 INFO  - jmeter.util.BSFTestElement: Registering JMeter version of JavaScript engine as work-round for BSF-22 
2016/05/23 12:15:15 INFO  - jmeter.protocol.http.sampler.HTTPSamplerBase: Parser for text/html is org.apache.jmeter.protocol.http.parser.LagartoBasedHtmlParser 
2016/05/23 12:15:15 INFO  - jmeter.protocol.http.sampler.HTTPSamplerBase: Parser for application/xhtml+xml is org.apache.jmeter.protocol.http.parser.LagartoBasedHtmlParser 
2016/05/23 12:15:15 INFO  - jmeter.protocol.http.sampler.HTTPSamplerBase: Parser for application/xml is org.apache.jmeter.protocol.http.parser.LagartoBasedHtmlParser 
2016/05/23 12:15:15 INFO  - jmeter.protocol.http.sampler.HTTPSamplerBase: Parser for text/xml is org.apache.jmeter.protocol.http.parser.LagartoBasedHtmlParser 
2016/05/23 12:15:15 INFO  - jmeter.protocol.http.sampler.HTTPSamplerBase: Parser for text/vnd.wap.wml is org.apache.jmeter.protocol.http.parser.RegexpHTMLParser 
2016/05/23 12:15:15 INFO  - jmeter.protocol.http.sampler.HTTPSamplerBase: Parser for text/css is org.apache.jmeter.protocol.http.parser.CssParser 
2016/05/23 12:15:15 INFO  - jorphan.exec.KeyToolUtils: keytool found at 'keytool' 
2016/05/23 12:15:15 INFO  - jmeter.protocol.http.proxy.ProxyControl: HTTP(S) Test Script Recorder SSL Proxy will use keys that support embedded 3rd party resources in file C:\Users\Lukasz\Documents\GitHub\Testowanie_Java\jdbc+jmeter\apache-jmeter-3.0\bin\proxyserver.jks 
2016/05/23 12:15:16 INFO  - jmeter.gui.util.MenuFactory: Skipping org.apache.jmeter.protocol.mongodb.config.MongoSourceElement 
2016/05/23 12:15:16 INFO  - jmeter.gui.util.MenuFactory: Skipping org.apache.jmeter.protocol.mongodb.sampler.MongoScriptSampler 
2016/05/23 12:15:16 INFO  - jmeter.gui.util.MenuFactory: Skipping org.apache.jmeter.visualizers.DistributionGraphVisualizer 
2016/05/23 12:15:16 INFO  - jmeter.samplers.SampleResult: Note: Sample TimeStamps are START times 
2016/05/23 12:15:16 INFO  - jmeter.samplers.SampleResult: sampleresult.default.encoding is set to ISO-8859-1 
2016/05/23 12:15:16 INFO  - jmeter.samplers.SampleResult: sampleresult.useNanoTime=true 
2016/05/23 12:15:16 INFO  - jmeter.samplers.SampleResult: sampleresult.nanoThreadSleep=5000 
2016/05/23 12:15:16 INFO  - jmeter.gui.util.MenuFactory: Skipping org.apache.jmeter.visualizers.SplineVisualizer 
2016/05/23 12:15:23 INFO  - jmeter.services.FileServer: Default base='C:\Users\Lukasz\Documents\GitHub\Testowanie_Java\jdbc+jmeter\apache-jmeter-3.0\bin' 
2016/05/23 12:15:23 INFO  - jmeter.gui.action.Load: Loading file: C:\Users\Lukasz\Documents\GitHub\Testowanie_Java\jdbc+jmeter\JDBC Request.jmx 
2016/05/23 12:15:23 INFO  - jmeter.services.FileServer: Set new base='C:\Users\Lukasz\Documents\GitHub\Testowanie_Java\jdbc+jmeter' 
2016/05/23 12:15:23 INFO  - jmeter.save.SaveService: Testplan (JMX) version: 2.2. Testlog (JTL) version: 2.2 
2016/05/23 12:15:23 INFO  - jmeter.save.SaveService: Using SaveService properties file encoding UTF-8 
2016/05/23 12:15:23 INFO  - jmeter.save.SaveService: Using SaveService properties version 2.9 
2016/05/23 12:15:23 INFO  - jmeter.save.SaveService: All converter versions present and correct 
2016/05/23 12:15:23 INFO  - jmeter.save.SaveService: Loading file: C:\Users\Lukasz\Documents\GitHub\Testowanie_Java\jdbc+jmeter\JDBC Request.jmx 
